Using pre-set license
Built from '2022.3/release' branch; Version is '2022.3.20f1 (61c2feb0970d) revision 6406910'; Using compiler version '192829333'; Build Type 'Release'
OS: 'Windows 10  (10.0.19045) 64bit Education' Language: 'en' Physical Memory: 16309 MB
BatchMode: 1, IsHumanControllingUs: 0, StartBugReporterOnCrash: 0, Is64bit: 1, IsPro: 1

COMMAND LINE ARGUMENTS:
C:\Program Files\Unity\Hub\Editor\2022.3.20f1\Editor\Unity.exe
-adb2
-batchMode
-noUpm
-name
AssetImportWorker4
-projectPath
C:/Users/539123/TheEnemyWithin
-logFile
Logs/AssetImportWorker4.log
-srvPort
53808
Successfully changed project path to: C:/Users/539123/TheEnemyWithin
C:/Users/539123/TheEnemyWithin
[UnityMemory] Configuration Parameters - Can be set up in boot.config
    "memorysetup-bucket-allocator-granularity=16"
    "memorysetup-bucket-allocator-bucket-count=8"
    "memorysetup-bucket-allocator-block-size=33554432"
    "memorysetup-bucket-allocator-block-count=8"
    "memorysetup-main-allocator-block-size=16777216"
    "memorysetup-thread-allocator-block-size=16777216"
    "memorysetup-gfx-main-allocator-block-size=16777216"
    "memorysetup-gfx-thread-allocator-block-size=16777216"
    "memorysetup-cache-allocator-block-size=4194304"
    "memorysetup-typetree-allocator-block-size=2097152"
    "memorysetup-profiler-bucket-allocator-granularity=16"
    "memorysetup-profiler-bucket-allocator-bucket-count=8"
    "memorysetup-profiler-bucket-allocator-block-size=33554432"
    "memorysetup-profiler-bucket-allocator-block-count=8"
    "memorysetup-profiler-allocator-block-size=16777216"
    "memorysetup-profiler-editor-allocator-block-size=1048576"
    "memorysetup-temp-allocator-size-main=16777216"
    "memorysetup-job-temp-allocator-block-size=2097152"
    "memorysetup-job-temp-allocator-block-size-background=1048576"
    "memorysetup-job-temp-allocator-reduction-small-platforms=262144"
    "memorysetup-allocator-temp-initial-block-size-main=262144"
    "memorysetup-allocator-temp-initial-block-size-worker=262144"
    "memorysetup-temp-allocator-size-background-worker=32768"
    "memorysetup-temp-allocator-size-job-worker=262144"
    "memorysetup-temp-allocator-size-preload-manager=33554432"
    "memorysetup-temp-allocator-size-nav-mesh-worker=65536"
    "memorysetup-temp-allocator-size-audio-worker=65536"
    "memorysetup-temp-allocator-size-cloud-worker=32768"
    "memorysetup-temp-allocator-size-gi-baking-worker=262144"
    "memorysetup-temp-allocator-size-gfx=262144"
Player connection [7392] Host "[IP] 172.27.171.8 [Port] 0 [Flags] 2 [Guid] 3971154700 [EditorId] 3971154700 [Version] 1048832 [Id] WindowsEditor(7,L-CB346-21263) [Debug] 1 [PackageName] WindowsEditor [ProjectName] Editor" joined multi-casting on [225.0.0.222:54997]...

Player connection [7392] Host "[IP] 172.27.171.8 [Port] 0 [Flags] 2 [Guid] 3971154700 [EditorId] 3971154700 [Version] 1048832 [Id] WindowsEditor(7,L-CB346-21263) [Debug] 1 [PackageName] WindowsEditor [ProjectName] Editor" joined alternative multi-casting on [225.0.0.222:34997]...

[Physics::Module] Initialized MultithreadedJobDispatcher with 11 workers.
Refreshing native plugins compatible for Editor in 1376.54 ms, found 4 plugins.
Preloading 0 native plugins for Editor in 0.00 ms.
Initialize engine version: 2022.3.20f1 (61c2feb0970d)
[Subsystems] Discovering subsystems at path C:/Program Files/Unity/Hub/Editor/2022.3.20f1/Editor/Data/Resources/UnitySubsystems
[Subsystems] Discovering subsystems at path C:/Users/539123/TheEnemyWithin/Assets
GfxDevice: creating device client; threaded=0; jobified=0
Direct3D:
    Version:  Direct3D 11.0 [level 11.1]
    Renderer: NVIDIA GeForce GTX 1650 (ID=0x2188)
    Vendor:   NVIDIA
    VRAM:     3935 MB
    Driver:   32.0.15.5585
Initialize mono
Mono path[0] = 'C:/Program Files/Unity/Hub/Editor/2022.3.20f1/Editor/Data/Managed'
Mono path[1] = 'C:/Program Files/Unity/Hub/Editor/2022.3.20f1/Editor/Data/MonoBleedingEdge/lib/mono/unityjit-win32'
Mono config path = 'C:/Program Files/Unity/Hub/Editor/2022.3.20f1/Editor/Data/MonoBleedingEdge/etc'
Using monoOptions --debugger-agent=transport=dt_socket,embedding=1,server=y,suspend=n,address=127.0.0.1:56676
Begin MonoManager ReloadAssembly
Registering precompiled unity dll's ...
Register platform support module: C:/Program Files/Unity/Hub/Editor/2022.3.20f1/Editor/Data/PlaybackEngines/WebGLSupport/UnityEditor.WebGL.Extensions.dll
Register platform support module: C:/Program Files/Unity/Hub/Editor/2022.3.20f1/Editor/Data/PlaybackEngines/MacStandaloneSupport/UnityEditor.OSXStandalone.Extensions.dll
Register platform support module: C:/Program Files/Unity/Hub/Editor/2022.3.20f1/Editor/Data/PlaybackEngines/AndroidPlayer/UnityEditor.Android.Extensions.dll
Register platform support module: C:/Program Files/Unity/Hub/Editor/2022.3.20f1/Editor/Data/PlaybackEngines/iOSSupport/UnityEditor.iOS.Extensions.dll
Register platform support module: C:/Program Files/Unity/Hub/Editor/2022.3.20f1/Editor/Data/PlaybackEngines/AppleTVSupport/UnityEditor.AppleTV.Extensions.dll
Register platform support module: C:/Program Files/Unity/Hub/Editor/2022.3.20f1/Editor/Data/PlaybackEngines/WindowsStandaloneSupport/UnityEditor.WindowsStandalone.Extensions.dll
Register platform support module: C:/Program Files/Unity/Hub/Editor/2022.3.20f1/Editor/Data/PlaybackEngines/LinuxStandaloneSupport/UnityEditor.LinuxStandalone.Extensions.dll
Register platform support module: C:/Program Files/Unity/Hub/Editor/2022.3.20f1/Editor/Data/PlaybackEngines/MetroSupport/UnityEditor.UWP.Extensions.dll
Registered in 0.599432 seconds.
- Loaded All Assemblies, in  6.414 seconds
Native extension for UWP target not found
Native extension for LinuxStandalone target not found
Native extension for WindowsStandalone target not found
[usbmuxd] Start listen thread
[usbmuxd] Listen thread started
[usbmuxd] Send listen message
Native extension for AppleTV target not found
[usbmuxd] Start listen thread
[usbmuxd] Listen thread started
[usbmuxd] Send listen message
Native extension for iOS target not found
Native extension for Android target not found
Android Extension - Scanning For ADB Devices 507 ms
Native extension for OSXStandalone target not found
Native extension for WebGL target not found
Mono: successfully reloaded assembly
- Finished resetting the current domain, in  0.910 seconds
Domain Reload Profiling: 7320ms
	BeginReloadAssembly (4160ms)
		ExecutionOrderSort (0ms)
		DisableScriptedObjects (0ms)
		BackupInstance (0ms)
		ReleaseScriptingObjects (0ms)
		CreateAndSetChildDomain (1ms)
	RebuildCommonClasses (412ms)
	RebuildNativeTypeToScriptingClass (11ms)
	initialDomainReloadingComplete (656ms)
	LoadAllAssembliesAndSetupDomain (1170ms)
		LoadAssemblies (4160ms)
		RebuildTransferFunctionScriptingTraits (0ms)
		AnalyzeDomain (1165ms)
			TypeCache.Refresh (1164ms)
				TypeCache.ScanAssembly (929ms)
			ScanForSourceGeneratedMonoScriptInfo (0ms)
			ResolveRequiredComponents (1ms)
	FinalizeReload (910ms)
		ReleaseScriptCaches (0ms)
		RebuildScriptCaches (0ms)
		SetupLoadedEditorAssemblies (851ms)
			LogAssemblyErrors (0ms)
			InitializePlatformSupportModulesInManaged (690ms)
			SetLoadedEditorAssemblies (4ms)
			RefreshPlugins (0ms)
			BeforeProcessingInitializeOnLoad (2ms)
			ProcessInitializeOnLoadAttributes (107ms)
			ProcessInitializeOnLoadMethodAttributes (49ms)
			AfterProcessingInitializeOnLoad (0ms)
			EditorAssembliesLoaded (0ms)
		ExecutionOrderSort2 (0ms)
		AwakeInstancesAfterBackupRestoration (0ms)
========================================================================
Worker process is ready to serve import requests
Begin MonoManager ReloadAssembly
- Loaded All Assemblies, in  8.398 seconds
Refreshing native plugins compatible for Editor in 9.44 ms, found 4 plugins.
Native extension for UWP target not found
Native extension for LinuxStandalone target not found
Native extension for WindowsStandalone target not found
Native extension for AppleTV target not found
Native extension for iOS target not found
Native extension for Android target not found
Native extension for OSXStandalone target not found
Native extension for WebGL target not found
Package Manager log level set to [2]
[Package Manager] Server::EnsureServerProcessIsRunning -- launch failed, reason: Unity was launched with the -noUpm command-line argument
[Package Manager] UpmClient::Send -- Unable to send message (not connected to UPM process).
[Package Manager] Cannot connect to Unity Package Manager local server
Mono: successfully reloaded assembly
- Finished resetting the current domain, in  0.756 seconds
Domain Reload Profiling: 9147ms
	BeginReloadAssembly (150ms)
		ExecutionOrderSort (0ms)
		DisableScriptedObjects (5ms)
		BackupInstance (0ms)
		ReleaseScriptingObjects (0ms)
		CreateAndSetChildDomain (22ms)
	RebuildCommonClasses (33ms)
	RebuildNativeTypeToScriptingClass (10ms)
	initialDomainReloadingComplete (46ms)
	LoadAllAssembliesAndSetupDomain (8151ms)
		LoadAssemblies (7796ms)
		RebuildTransferFunctionScriptingTraits (0ms)
		AnalyzeDomain (446ms)
			TypeCache.Refresh (410ms)
				TypeCache.ScanAssembly (349ms)
			ScanForSourceGeneratedMonoScriptInfo (25ms)
			ResolveRequiredComponents (10ms)
	FinalizeReload (757ms)
		ReleaseScriptCaches (0ms)
		RebuildScriptCaches (0ms)
		SetupLoadedEditorAssemblies (594ms)
			LogAssemblyErrors (0ms)
			InitializePlatformSupportModulesInManaged (64ms)
			SetLoadedEditorAssemblies (4ms)
			RefreshPlugins (0ms)
			BeforeProcessingInitializeOnLoad (90ms)
			ProcessInitializeOnLoadAttributes (365ms)
			ProcessInitializeOnLoadMethodAttributes (59ms)
			AfterProcessingInitializeOnLoad (13ms)
			EditorAssembliesLoaded (0ms)
		ExecutionOrderSort2 (0ms)
		AwakeInstancesAfterBackupRestoration (6ms)
Launched and connected shader compiler UnityShaderCompiler.exe after 0.08 seconds
Refreshing native plugins compatible for Editor in 7.28 ms, found 4 plugins.
Preloading 0 native plugins for Editor in 0.00 ms.
Unloading 6345 Unused Serialized files (Serialized files now loaded: 0)
Unloading 115 unused Assets / (0.7 MB). Loaded Objects now: 6788.
Memory consumption went from 259.5 MB to 258.8 MB.
Total: 4.031200 ms (FindLiveObjects: 0.573700 ms CreateObjectMapping: 0.155400 ms MarkObjects: 2.883900 ms  DeleteObjects: 0.417500 ms)

AssetImportParameters requested are different than current active one (requested -> active):
  custom:container-demuxer-ogg: 62fdf1f143b41e24485cea50d1cbac27 -> 
  custom:video-decoder-ogg-theora: a1e56fd34408186e4bbccfd4996cb3dc -> 
  custom:framework-win-MediaFoundation: 216162199b28c13a410421893ffa2e32 -> 
  custom:CustomObjectIndexerAttribute: 0f5f72dab822025b0759b197a3119d15 -> 
  custom:container-demuxer-webm: 4f35f7cbe854078d1ac9338744f61a02 -> 
  custom:container-muxer-webm: aa71ff27fc2769a1b78a27578f13a17b -> 
  custom:video-decoder-webm-vp8: 9c59270c3fd7afecdb556c50c9e8de78 -> 
  custom:SearchIndexIgnoredProperties: e643bd26f0fe6173181afceb89e7c659 -> 
  custom:AudioImporter_EditorPlatform: d09bf68614088b80899f8185d706f6e7 -> 
  custom:video-encoder-webm-vp8: eb34c28f22e8b96e1ab97ce403110664 -> 
  custom:audio-decoder-ogg-vorbis: bf7c407c2cedff20999df2af8eb42d56 -> 
  custom:audio-encoder-webm-vorbis: bf7c407c2cedff20999df2af8eb42d56 -> 
========================================================================
Received Import Request.
  Time since last request: 952046.254916 seconds.
  path: Assets/Prefabs/dashFX.prefab
  artifactKey: Guid(14cd53007d9769f47bc0305eaa3dad34) Importer(815301076,1909f56bfc062723c751e8b465ee728b)
Start importing Assets/Prefabs/dashFX.prefab using Guid(14cd53007d9769f47bc0305eaa3dad34) Importer(815301076,1909f56bfc062723c751e8b465ee728b)  -> (artifact id: 'ce97d451f86ed4f41c6b48824396c025') in 0.286239 seconds
Number of updated asset objects reloaded before import = 0
Number of asset objects unloaded after import = 120
========================================================================
Received Import Request.
  Time since last request: 23.685855 seconds.
  path: Assets/Prefabs/dashFX.prefab
  artifactKey: Guid(14cd53007d9769f47bc0305eaa3dad34) Importer(815301076,1909f56bfc062723c751e8b465ee728b)
Start importing Assets/Prefabs/dashFX.prefab using Guid(14cd53007d9769f47bc0305eaa3dad34) Importer(815301076,1909f56bfc062723c751e8b465ee728b)  -> (artifact id: '55422bbdfd8f0d4db6e44dde3b4e63f4') in 0.028669 seconds
Number of updated asset objects reloaded before import = 0
Number of asset objects unloaded after import = 116
========================================================================
Received Import Request.
  Time since last request: 33.940100 seconds.
  path: Assets/Prefabs/dashFX.prefab
  artifactKey: Guid(14cd53007d9769f47bc0305eaa3dad34) Importer(815301076,1909f56bfc062723c751e8b465ee728b)
Start importing Assets/Prefabs/dashFX.prefab using Guid(14cd53007d9769f47bc0305eaa3dad34) Importer(815301076,1909f56bfc062723c751e8b465ee728b)  -> (artifact id: '742387c2db73d5551a61898693d4ec21') in 0.028452 seconds
Number of updated asset objects reloaded before import = 0
Number of asset objects unloaded after import = 116
========================================================================
Received Import Request.
  Time since last request: 18.236059 seconds.
  path: Assets/Prefabs/dashFX.prefab
  artifactKey: Guid(14cd53007d9769f47bc0305eaa3dad34) Importer(815301076,1909f56bfc062723c751e8b465ee728b)
Start importing Assets/Prefabs/dashFX.prefab using Guid(14cd53007d9769f47bc0305eaa3dad34) Importer(815301076,1909f56bfc062723c751e8b465ee728b)  -> (artifact id: 'ed308510cdba198b7ccd08c04d500c22') in 0.028708 seconds
Number of updated asset objects reloaded before import = 0
Number of asset objects unloaded after import = 116
========================================================================
Received Import Request.
  Time since last request: 27.475424 seconds.
  path: Assets/Prefabs/dashFX.prefab
  artifactKey: Guid(14cd53007d9769f47bc0305eaa3dad34) Importer(815301076,1909f56bfc062723c751e8b465ee728b)
Start importing Assets/Prefabs/dashFX.prefab using Guid(14cd53007d9769f47bc0305eaa3dad34) Importer(815301076,1909f56bfc062723c751e8b465ee728b)  -> (artifact id: 'eb22a13d78e37d95f9b90097147f2958') in 0.031022 seconds
Number of updated asset objects reloaded before import = 0
Number of asset objects unloaded after import = 116
========================================================================
Received Import Request.
  Time since last request: 1.177051 seconds.
  path: Assets/Prefabs/dashFX.prefab
  artifactKey: Guid(14cd53007d9769f47bc0305eaa3dad34) Importer(815301076,1909f56bfc062723c751e8b465ee728b)
Start importing Assets/Prefabs/dashFX.prefab using Guid(14cd53007d9769f47bc0305eaa3dad34) Importer(815301076,1909f56bfc062723c751e8b465ee728b)  -> (artifact id: 'e22265421a995e197024fe5f12fe4922') in 0.026786 seconds
Number of updated asset objects reloaded before import = 0
Number of asset objects unloaded after import = 116
========================================================================
Received Import Request.
  Time since last request: 148.878132 seconds.
  path: Assets/Prefabs/dashFX.prefab
  artifactKey: Guid(14cd53007d9769f47bc0305eaa3dad34) Importer(815301076,1909f56bfc062723c751e8b465ee728b)
Start importing Assets/Prefabs/dashFX.prefab using Guid(14cd53007d9769f47bc0305eaa3dad34) Importer(815301076,1909f56bfc062723c751e8b465ee728b)  -> (artifact id: 'c8167361d61630d89b9c0fd383b582db') in 0.027934 seconds
Number of updated asset objects reloaded before import = 0
Number of asset objects unloaded after import = 116
========================================================================
Received Import Request.
  Time since last request: 3.165022 seconds.
  path: Assets/Prefabs/dashFX.prefab
  artifactKey: Guid(14cd53007d9769f47bc0305eaa3dad34) Importer(815301076,1909f56bfc062723c751e8b465ee728b)
Start importing Assets/Prefabs/dashFX.prefab using Guid(14cd53007d9769f47bc0305eaa3dad34) Importer(815301076,1909f56bfc062723c751e8b465ee728b)  -> (artifact id: '92f7130db240ae0374bd5f9bdbd080a3') in 0.030617 seconds
Number of updated asset objects reloaded before import = 0
Number of asset objects unloaded after import = 116
========================================================================
Received Import Request.
  Time since last request: 1.361245 seconds.
  path: Assets/Prefabs/dashFX.prefab
  artifactKey: Guid(14cd53007d9769f47bc0305eaa3dad34) Importer(815301076,1909f56bfc062723c751e8b465ee728b)
Start importing Assets/Prefabs/dashFX.prefab using Guid(14cd53007d9769f47bc0305eaa3dad34) Importer(815301076,1909f56bfc062723c751e8b465ee728b)  -> (artifact id: '7a333bf1b41d0ae2d81f1f2642822fcc') in 0.027310 seconds
Number of updated asset objects reloaded before import = 0
Number of asset objects unloaded after import = 116
========================================================================
Received Import Request.
  Time since last request: 0.965425 seconds.
  path: Assets/Prefabs/dashFX.prefab
  artifactKey: Guid(14cd53007d9769f47bc0305eaa3dad34) Importer(815301076,1909f56bfc062723c751e8b465ee728b)
Start importing Assets/Prefabs/dashFX.prefab using Guid(14cd53007d9769f47bc0305eaa3dad34) Importer(815301076,1909f56bfc062723c751e8b465ee728b)  -> (artifact id: '33c008c4b5bccdb1c08708b630a781ce') in 0.027531 seconds
Number of updated asset objects reloaded before import = 0
Number of asset objects unloaded after import = 116
========================================================================
Received Import Request.
  Time since last request: 2.215477 seconds.
  path: Assets/Prefabs/dashFX.prefab
  artifactKey: Guid(14cd53007d9769f47bc0305eaa3dad34) Importer(815301076,1909f56bfc062723c751e8b465ee728b)
Start importing Assets/Prefabs/dashFX.prefab using Guid(14cd53007d9769f47bc0305eaa3dad34) Importer(815301076,1909f56bfc062723c751e8b465ee728b)  -> (artifact id: '80e0999cbb359fb9f9f456f70963654b') in 0.026590 seconds
Number of updated asset objects reloaded before import = 0
Number of asset objects unloaded after import = 116
========================================================================
Received Import Request.
  Time since last request: 46.692901 seconds.
  path: Assets/Prefabs/dashFX.prefab
  artifactKey: Guid(14cd53007d9769f47bc0305eaa3dad34) Importer(815301076,1909f56bfc062723c751e8b465ee728b)
Start importing Assets/Prefabs/dashFX.prefab using Guid(14cd53007d9769f47bc0305eaa3dad34) Importer(815301076,1909f56bfc062723c751e8b465ee728b)  -> (artifact id: 'a673c102d9f1a513ac9406c763ed33d6') in 0.028577 seconds
Number of updated asset objects reloaded before import = 0
Number of asset objects unloaded after import = 116
========================================================================
Received Import Request.
  Time since last request: 1.560600 seconds.
  path: Assets/Prefabs/dashFX.prefab
  artifactKey: Guid(14cd53007d9769f47bc0305eaa3dad34) Importer(815301076,1909f56bfc062723c751e8b465ee728b)
Start importing Assets/Prefabs/dashFX.prefab using Guid(14cd53007d9769f47bc0305eaa3dad34) Importer(815301076,1909f56bfc062723c751e8b465ee728b)  -> (artifact id: '804c9b74acab8ba536264cc347c0161f') in 0.027808 seconds
Number of updated asset objects reloaded before import = 0
Number of asset objects unloaded after import = 116
========================================================================
Received Import Request.
  Time since last request: 8.958466 seconds.
  path: Assets/Prefabs/dashFX.prefab
  artifactKey: Guid(14cd53007d9769f47bc0305eaa3dad34) Importer(815301076,1909f56bfc062723c751e8b465ee728b)
Start importing Assets/Prefabs/dashFX.prefab using Guid(14cd53007d9769f47bc0305eaa3dad34) Importer(815301076,1909f56bfc062723c751e8b465ee728b)  -> (artifact id: '2d13c97f0188386fc6fc6f3fa47260f4') in 0.027769 seconds
Number of updated asset objects reloaded before import = 0
Number of asset objects unloaded after import = 116
========================================================================
Received Import Request.
  Time since last request: 1.760188 seconds.
  path: Assets/Prefabs/dashFX.prefab
  artifactKey: Guid(14cd53007d9769f47bc0305eaa3dad34) Importer(815301076,1909f56bfc062723c751e8b465ee728b)
Start importing Assets/Prefabs/dashFX.prefab using Guid(14cd53007d9769f47bc0305eaa3dad34) Importer(815301076,1909f56bfc062723c751e8b465ee728b)  -> (artifact id: 'c274cc59a61c0a335865b545cc5262d3') in 0.028225 seconds
Number of updated asset objects reloaded before import = 0
Number of asset objects unloaded after import = 116
========================================================================
Received Import Request.
  Time since last request: 1.780820 seconds.
  path: Assets/Prefabs/dashFX.prefab
  artifactKey: Guid(14cd53007d9769f47bc0305eaa3dad34) Importer(815301076,1909f56bfc062723c751e8b465ee728b)
Start importing Assets/Prefabs/dashFX.prefab using Guid(14cd53007d9769f47bc0305eaa3dad34) Importer(815301076,1909f56bfc062723c751e8b465ee728b)  -> (artifact id: 'e1a8af60452a43edeee8b1b6c4e736cb') in 0.027363 seconds
Number of updated asset objects reloaded before import = 0
Number of asset objects unloaded after import = 116
========================================================================
Received Import Request.
  Time since last request: 9.929557 seconds.
  path: Assets/Prefabs/dashFX.prefab
  artifactKey: Guid(14cd53007d9769f47bc0305eaa3dad34) Importer(815301076,1909f56bfc062723c751e8b465ee728b)
Start importing Assets/Prefabs/dashFX.prefab using Guid(14cd53007d9769f47bc0305eaa3dad34) Importer(815301076,1909f56bfc062723c751e8b465ee728b)  -> (artifact id: '4731412a9ae32a8b126cf624cf3cebe4') in 0.027939 seconds
Number of updated asset objects reloaded before import = 0
Number of asset objects unloaded after import = 116
========================================================================
Received Import Request.
  Time since last request: 2.236993 seconds.
  path: Assets/Prefabs/dashFX.prefab
  artifactKey: Guid(14cd53007d9769f47bc0305eaa3dad34) Importer(815301076,1909f56bfc062723c751e8b465ee728b)
Start importing Assets/Prefabs/dashFX.prefab using Guid(14cd53007d9769f47bc0305eaa3dad34) Importer(815301076,1909f56bfc062723c751e8b465ee728b)  -> (artifact id: '8e795569096f4223c5e8289167640b8b') in 0.029462 seconds
Number of updated asset objects reloaded before import = 0
Number of asset objects unloaded after import = 116
========================================================================
Received Import Request.
  Time since last request: 44.903394 seconds.
  path: Assets/Prefabs/PSprefabs
  artifactKey: Guid(d668ce62933401a4497854dbbc6d573c) Importer(815301076,1909f56bfc062723c751e8b465ee728b)
Start importing Assets/Prefabs/PSprefabs using Guid(d668ce62933401a4497854dbbc6d573c) Importer(815301076,1909f56bfc062723c751e8b465ee728b)  -> (artifact id: 'b9657cd667d24a5426c5d3219866040f') in 0.000624 seconds
Number of updated asset objects reloaded before import = 0
Number of asset objects unloaded after import = 0
========================================================================
Received Import Request.
  Time since last request: 6.715131 seconds.
  path: Assets/Prefabs/PSPrefabs
  artifactKey: Guid(d668ce62933401a4497854dbbc6d573c) Importer(815301076,1909f56bfc062723c751e8b465ee728b)
Start importing Assets/Prefabs/PSPrefabs using Guid(d668ce62933401a4497854dbbc6d573c) Importer(815301076,1909f56bfc062723c751e8b465ee728b)  -> (artifact id: '97c3c231c95a3a1333f8ed7f975213e0') in 0.000553 seconds
Number of updated asset objects reloaded before import = 0
Number of asset objects unloaded after import = 0
========================================================================
Received Import Request.
  Time since last request: 12.651145 seconds.
  path: Assets/Prefabs/TextPrefabs
  artifactKey: Guid(ed72a1ac2a69ad0448b8d712e1392786) Importer(815301076,1909f56bfc062723c751e8b465ee728b)
Start importing Assets/Prefabs/TextPrefabs using Guid(ed72a1ac2a69ad0448b8d712e1392786) Importer(815301076,1909f56bfc062723c751e8b465ee728b)  -> (artifact id: '72e2637fd867276ef96e83f53c3e93a8') in 0.000567 seconds
Number of updated asset objects reloaded before import = 0
Number of asset objects unloaded after import = 0
========================================================================
Received Import Request.
  Time since last request: 8.140120 seconds.
  path: Assets/Prefabs/TxtPrefabs
  artifactKey: Guid(ed72a1ac2a69ad0448b8d712e1392786) Importer(815301076,1909f56bfc062723c751e8b465ee728b)
Start importing Assets/Prefabs/TxtPrefabs using Guid(ed72a1ac2a69ad0448b8d712e1392786) Importer(815301076,1909f56bfc062723c751e8b465ee728b)  -> (artifact id: 'd878bfa1bef7917690d2d1e62b506813') in 0.000580 seconds
Number of updated asset objects reloaded before import = 0
Number of asset objects unloaded after import = 0
========================================================================
Received Import Request.
  Time since last request: 27.076399 seconds.
  path: Assets/UnityTechnologies/EffectExamples/FireExplosionEffects/Prefabs/BigExplosionEffect.prefab
  artifactKey: Guid(acf39d9f4addf294d93fa56fa373961b) Importer(815301076,1909f56bfc062723c751e8b465ee728b)
Start importing Assets/UnityTechnologies/EffectExamples/FireExplosionEffects/Prefabs/BigExplosionEffect.prefab using Guid(acf39d9f4addf294d93fa56fa373961b) Importer(815301076,1909f56bfc062723c751e8b465ee728b)  -> (artifact id: 'f9293bbdac89d3fc23d2c40598c8bd39') in 0.042106 seconds
Number of updated asset objects reloaded before import = 0
Number of asset objects unloaded after import = 52
========================================================================
Received Import Request.
  Time since last request: 0.000026 seconds.
  path: Assets/UnityTechnologies/EffectExamples/FireExplosionEffects/Prefabs/PlasmaExplosionEffect.prefab
  artifactKey: Guid(96730f8640590934eacb6f860058e7f9) Importer(815301076,1909f56bfc062723c751e8b465ee728b)
Start importing Assets/UnityTechnologies/EffectExamples/FireExplosionEffects/Prefabs/PlasmaExplosionEffect.prefab using Guid(96730f8640590934eacb6f860058e7f9) Importer(815301076,1909f56bfc062723c751e8b465ee728b)  -> (artifact id: '9a39a9ade930a500eb3332538807f133') in 0.094166 seconds
Number of updated asset objects reloaded before import = 0
Number of asset objects unloaded after import = 35
========================================================================
Received Import Request.
  Time since last request: 0.000033 seconds.
  path: Assets/UnityTechnologies/EffectExamples/FireExplosionEffects/Prefabs/SmallExplosionEffect.prefab
  artifactKey: Guid(ecdd96beb7f93494880c052dfccf9dc1) Importer(815301076,1909f56bfc062723c751e8b465ee728b)
Start importing Assets/UnityTechnologies/EffectExamples/FireExplosionEffects/Prefabs/SmallExplosionEffect.prefab using Guid(ecdd96beb7f93494880c052dfccf9dc1) Importer(815301076,1909f56bfc062723c751e8b465ee728b)  -> (artifact id: '1872dfbb9132e1310e3cb6b3f7f5570c') in 0.026105 seconds
Number of updated asset objects reloaded before import = 0
Number of asset objects unloaded after import = 30
========================================================================
Received Import Request.
  Time since last request: 0.000020 seconds.
  path: Assets/UnityTechnologies/EffectExamples/FireExplosionEffects/Prefabs/FlamesEffects.prefab
  artifactKey: Guid(b9e167e31f640b34f87caab122fca598) Importer(815301076,1909f56bfc062723c751e8b465ee728b)
Start importing Assets/UnityTechnologies/EffectExamples/FireExplosionEffects/Prefabs/FlamesEffects.prefab using Guid(b9e167e31f640b34f87caab122fca598) Importer(815301076,1909f56bfc062723c751e8b465ee728b)  -> (artifact id: 'c8800b9375d0575a2b888aa6607b04c9') in 0.026114 seconds
Number of updated asset objects reloaded before import = 0
Number of asset objects unloaded after import = 68
========================================================================
Received Import Request.
  Time since last request: 157.071228 seconds.
  path: Assets/UnityTechnologies/EffectExamples/Blood/Prefabs/BloodStreamEffect.prefab
  artifactKey: Guid(a3768c8a9d1b90d4bb0eb0e4bdbe730c) Importer(815301076,1909f56bfc062723c751e8b465ee728b)
Start importing Assets/UnityTechnologies/EffectExamples/Blood/Prefabs/BloodStreamEffect.prefab using Guid(a3768c8a9d1b90d4bb0eb0e4bdbe730c) Importer(815301076,1909f56bfc062723c751e8b465ee728b)  -> (artifact id: '1c536e83d3b8803dd179b28cac1ef1a2') in 0.018718 seconds
Number of updated asset objects reloaded before import = 0
Number of asset objects unloaded after import = 28
========================================================================
Received Import Request.
  Time since last request: 106.300548 seconds.
  path: Assets/UnityTechnologies/EffectExamples/Blood/Prefabs/BloodStreamEffect.prefab
  artifactKey: Guid(a3768c8a9d1b90d4bb0eb0e4bdbe730c) Importer(815301076,1909f56bfc062723c751e8b465ee728b)
Start importing Assets/UnityTechnologies/EffectExamples/Blood/Prefabs/BloodStreamEffect.prefab using Guid(a3768c8a9d1b90d4bb0eb0e4bdbe730c) Importer(815301076,1909f56bfc062723c751e8b465ee728b)  -> (artifact id: '94bd12da6a960424f2310cfd2d44e11c') in 0.081844 seconds
Number of updated asset objects reloaded before import = 0
Number of asset objects unloaded after import = 28
========================================================================
Received Import Request.
  Time since last request: 1.675127 seconds.
  path: Assets/UnityTechnologies/EffectExamples/Blood/Prefabs/BloodStreamEffect.prefab
  artifactKey: Guid(a3768c8a9d1b90d4bb0eb0e4bdbe730c) Importer(815301076,1909f56bfc062723c751e8b465ee728b)
Start importing Assets/UnityTechnologies/EffectExamples/Blood/Prefabs/BloodStreamEffect.prefab using Guid(a3768c8a9d1b90d4bb0eb0e4bdbe730c) Importer(815301076,1909f56bfc062723c751e8b465ee728b)  -> (artifact id: 'c0a38c014a4ffaa2192ce38602d2cdf0') in 0.013256 seconds
Number of updated asset objects reloaded before import = 0
Number of asset objects unloaded after import = 28
========================================================================
Received Import Request.
  Time since last request: 109.785306 seconds.
  path: Assets/UnityTechnologies/EffectExamples/SmokeTrail.mat
  artifactKey: Guid(85320f50710fcfb4d886bc56151bea1b) Importer(815301076,1909f56bfc062723c751e8b465ee728b)
Start importing Assets/UnityTechnologies/EffectExamples/SmokeTrail.mat using Guid(85320f50710fcfb4d886bc56151bea1b) Importer(815301076,1909f56bfc062723c751e8b465ee728b)  -> (artifact id: '2b66e34d30f7fca8ac18868832ab4953') in 0.070043 seconds
Number of updated asset objects reloaded before import = 0
Number of asset objects unloaded after import = 2
========================================================================
Received Import Request.
  Time since last request: 323.867900 seconds.
  path: Assets/Materials/GridBox_Default.mat
  artifactKey: Guid(0915466ebc38c134d83fa1be1c8efff8) Importer(815301076,1909f56bfc062723c751e8b465ee728b)
Start importing Assets/Materials/GridBox_Default.mat using Guid(0915466ebc38c134d83fa1be1c8efff8) Importer(815301076,1909f56bfc062723c751e8b465ee728b)  -> (artifact id: '33b168670af90be6ffb3763815f0c299') in 0.041121 seconds
Number of updated asset objects reloaded before import = 0
Number of asset objects unloaded after import = 4
========================================================================
Received Import Request.
  Time since last request: 249.395093 seconds.
  path: Assets/Materials/Materials/LightningImage.mat
  artifactKey: Guid(49884b38197868948bf2c66559514441) Importer(815301076,1909f56bfc062723c751e8b465ee728b)
Start importing Assets/Materials/Materials/LightningImage.mat using Guid(49884b38197868948bf2c66559514441) Importer(815301076,1909f56bfc062723c751e8b465ee728b)  -> (artifact id: '9ee2f211c506ef3472bb5e20ba4eea6a') in 0.031587 seconds
Number of updated asset objects reloaded before import = 0
Number of asset objects unloaded after import = 3
